<?xml version="1.0" encoding="UTF-8"?>
<!-- Generated by org.testng.reporters.JUnitReportReporter -->
<testsuite hostname="DESKTOP-UFNR20D" failures="0" tests="10" name="runners.TestRunners" time="297.964" errors="1" timestamp="2026-05-24T15:36:19 IST" skipped="0">
  <testcase classname="runners.TestRunners" name="runScenario" time="30.861"/>
  <testcase classname="runners.TestRunners" name="runScenario" time="43.843"/>
  <testcase classname="runners.TestRunners" name="runScenario" time="13.136"/>
  <testcase classname="runners.TestRunners" name="runScenario" time="52.746">
    <error message="Expected condition failed: waiting for visibility of element found by By.xpath: //a[contains(@class,&#039;Check_out&#039;)], but... org.openqa.selenium.NoSuchElementException: no such element: Unable to locate element: {&quot;method&quot;:&quot;xpath&quot;,&quot;selector&quot;:&quot;//a[contains(@class,&#039;Check_out&#039;)]&quot;}.
(tried for 20 seconds with 500 milliseconds interval)
Build info: version: &#039;4.44.0&#039;, revision: &#039;da2039b&#039;
System info: os.name: &#039;Windows 11&#039;, os.arch: &#039;amd64&#039;, os.version: &#039;10.0&#039;, java.version: &#039;21.0.11&#039;
Driver info: org.openqa.selenium.chrome.ChromeDriver
Capabilities {acceptInsecureCerts: false, browserName: chrome, browserVersion: 148.0.7778.179, chrome: {chromedriverVersion: 148.0.7778.178 (d096af1c9e9..., userDataDir: C:\Users\ABC\AppData\Local\...}, fedcm:accounts: true, goog:chromeOptions: {debuggerAddress: localhost:62875}, goog:processID: 11380, networkConnectionEnabled: false, pageLoadStrategy: normal, platformName: windows, proxy: Proxy(), se:cdp: ws://localhost:62875/devtoo..., se:cdpVersion: 148.0.7778.179, setWindowRect: true, strictFileInteractability: false, timeouts: {implicit: 0, pageLoad: 300000, script: 30000}, unhandledPromptBehavior: dismiss and notify, webauthn:extension:credBlob: true, webauthn:extension:largeBlob: true, webauthn:extension:minPinLength: true, webauthn:extension:prf: true, webauthn:virtualAuthenticators: true}
Session ID: cb8a4d848ed4430d56bbfb44c1710b7a" type="org.openqa.selenium.TimeoutException">
      <![CDATA[org.openqa.selenium.TimeoutException: Expected condition failed: waiting for visibility of element found by By.xpath: //a[contains(@class,'Check_out')], but... org.openqa.selenium.NoSuchElementException: no such element: Unable to locate element: {"method":"xpath","selector":"//a[contains(@class,'Check_out')]"}.
(tried for 20 seconds with 500 milliseconds interval)
Build info: version: '4.44.0', revision: 'da2039b'
System info: os.name: 'Windows 11', os.arch: 'amd64', os.version: '10.0', java.version: '21.0.11'
Driver info: org.openqa.selenium.chrome.ChromeDriver
Capabilities {acceptInsecureCerts: false, browserName: chrome, browserVersion: 148.0.7778.179, chrome: {chromedriverVersion: 148.0.7778.178 (d096af1c9e9..., userDataDir: C:\Users\ABC\AppData\Local\...}, fedcm:accounts: true, goog:chromeOptions: {debuggerAddress: localhost:62875}, goog:processID: 11380, networkConnectionEnabled: false, pageLoadStrategy: normal, platformName: windows, proxy: Proxy(), se:cdp: ws://localhost:62875/devtoo..., se:cdpVersion: 148.0.7778.179, setWindowRect: true, strictFileInteractability: false, timeouts: {implicit: 0, pageLoad: 300000, script: 30000}, unhandledPromptBehavior: dismiss and notify, webauthn:extension:credBlob: true, webauthn:extension:largeBlob: true, webauthn:extension:minPinLength: true, webauthn:extension:prf: true, webauthn:virtualAuthenticators: true}
Session ID: cb8a4d848ed4430d56bbfb44c1710b7a
at org.openqa.selenium.support.ui.WebDriverWait.timeoutException(WebDriverWait.java:85)
at org.openqa.selenium.support.ui.FluentWait.until(FluentWait.java:234)
at utilities.WaitUtils.visible(WaitUtils.java:17)
at pages.CartPage.clickProceedToCheckout(CartPage.java:96)
at stepDefinitions.CartSteps.user_clicks_proceed_to_checkout(CartSteps.java:43)
at ✽.User clicks proceed to checkout(file:///C:/Users/ABC/eclipse-workspace_new/AutomateExerciseBDD/src/test/resources/feature/feature/05_Checkout.feature:11)
]]>
    </error>
  </testcase> <!-- runScenario -->
  <testcase classname="runners.TestRunners" name="runScenario" time="13.799"/>
  <testcase classname="runners.TestRunners" name="runScenario" time="9.522"/>
  <testcase classname="runners.TestRunners" name="runScenario" time="52.551"/>
  <testcase classname="runners.TestRunners" name="runScenario" time="47.322"/>
  <testcase classname="runners.TestRunners" name="runScenario" time="12.822"/>
  <testcase classname="runners.TestRunners" name="runScenario" time="21.362"/>
</testsuite> <!-- runners.TestRunners -->
